<?xml version="1.0" encoding="UTF-8"?>
<!-- Generated by org.testng.reporters.JUnitReportReporter -->
<testsuite skipped="0" hostname="LAPTOP-9R980C5P" name="com.java.foodybiee.addtocart.DeleteMethods" tests="2" failures="0" timestamp="2021-02-02T11:00:59 IST" time="5.402" errors="0">
  <testcase name="DeletePerticularItemFromCart" time="4.215" classname="com.java.foodybiee.addtocart.DeleteMethods"/>
  <system-out/>
  <testcase name="DeleteAllItemFromCart" time="1.187" classname="com.java.foodybiee.addtocart.DeleteMethods"/>
  <system-out/>
</testsuite> <!-- com.java.foodybiee.addtocart.DeleteMethods -->
