<?xml version="1.0" encoding="UTF-8"?>
<!-- Generated by org.testng.reporters.JUnitReportReporter -->
<testsuite skipped="0" hostname="LAPTOP-9R980C5P" name="com.java.foodybiee.assets.GetMethods" tests="1" failures="0" timestamp="2021-03-04T12:29:37 IST" time="3.930" errors="0">
  <testcase name="GetAllUIAssets" time="3.930" classname="com.java.foodybiee.assets.GetMethods"/>
  <system-out/>
</testsuite> <!-- com.java.foodybiee.assets.GetMethods -->
