<?xml version="1.0" encoding="UTF-8"?>
<!-- Generated by org.testng.reporters.JUnitReportReporter -->
<testsuite skipped="0" hostname="LAPTOP-9R980C5P" name="com.java.foodybiee.notifications.GetMethods" tests="9" failures="0" timestamp="2021-02-19T10:41:36 IST" time="14.618" errors="0">
  <testcase name="AddNotification" time="4.414" classname="com.java.foodybiee.notifications.GetMethods"/>
  <system-out/>
  <testcase name="GetNotificationById" time="1.398" classname="com.java.foodybiee.notifications.GetMethods"/>
  <system-out/>
  <testcase name="UpdateNotification" time="1.271" classname="com.java.foodybiee.notifications.GetMethods"/>
  <system-out/>
  <testcase name="GetUpdatedNotificationById1" time="1.236" classname="com.java.foodybiee.notifications.GetMethods"/>
  <system-out/>
  <testcase name="DeleteNotificationById" time="1.292" classname="com.java.foodybiee.notifications.GetMethods"/>
  <system-out/>
  <testcase name="GetDeletedNotificationById1" time="1.249" classname="com.java.foodybiee.notifications.GetMethods"/>
  <system-out/>
  <testcase name="GetNotificationRole" time="1.213" classname="com.java.foodybiee.notifications.GetMethods"/>
  <system-out/>
  <testcase name="GetNotificationByName" time="1.261" classname="com.java.foodybiee.notifications.GetMethods"/>
  <system-out/>
  <testcase name="GetAllNotification" time="1.284" classname="com.java.foodybiee.notifications.GetMethods"/>
  <system-out/>
</testsuite> <!-- com.java.foodybiee.notifications.GetMethods -->
