<?xml version="1.0" encoding="UTF-8"?>
<!-- Generated by org.testng.reporters.JUnitReportReporter -->
<testsuite skipped="0" hostname="LAPTOP-9R980C5P" name="com.java.foodybiee.payment.Payment" tests="1" failures="0" timestamp="2021-03-04T12:43:56 IST" time="1.437" errors="0">
  <testcase name="GetHandleRequest" time="1.437" classname="com.java.foodybiee.payment.Payment"/>
  <system-out/>
</testsuite> <!-- com.java.foodybiee.payment.Payment -->
