<?xml version="1.0" encoding="UTF-8"?>
<!-- Generated by org.testng.reporters.JUnitReportReporter -->
<testsuite skipped="0" hostname="LAPTOP-9R980C5P" name="com.java.foodybiee.country.Country_Negative_Testcases" tests="7" failures="0" timestamp="2021-03-04T12:43:56 IST" time="8.475" errors="0">
  <testcase name="GetCountryUnauthorized" time="1.184" classname="com.java.foodybiee.country.Country_Negative_Testcases"/>
  <system-out/>
  <testcase name="GetStatesUnauthorized" time="1.219" classname="com.java.foodybiee.country.Country_Negative_Testcases"/>
  <system-out/>
  <testcase name="GetStatesNotFound" time="1.183" classname="com.java.foodybiee.country.Country_Negative_Testcases"/>
  <system-out/>
  <testcase name="GetStatesBadRequest" time="1.196" classname="com.java.foodybiee.country.Country_Negative_Testcases"/>
  <system-out/>
  <testcase name="GetCityByStateUnauthorized" time="1.199" classname="com.java.foodybiee.country.Country_Negative_Testcases"/>
  <system-out/>
  <testcase name="GetCityByStateNotFound" time="1.308" classname="com.java.foodybiee.country.Country_Negative_Testcases"/>
  <system-out/>
  <testcase name="GetCityByStateBadRequest" time="1.186" classname="com.java.foodybiee.country.Country_Negative_Testcases"/>
  <system-out/>
</testsuite> <!-- com.java.foodybiee.country.Country_Negative_Testcases -->
