<?xml version="1.0" encoding="UTF-8"?>
<!-- Generated by org.testng.reporters.JUnitReportReporter -->
<testsuite skipped="0" hostname="LAPTOP-9R980C5P" name="com.java.foodybiee.dish.Dish_All_Get_TestCases" tests="9" failures="0" timestamp="2021-03-04T12:43:56 IST" time="10.852" errors="0">
  <testcase name="GetChefMenu" time="1.195" classname="com.java.foodybiee.dish.Dish_All_Get_TestCases"/>
  <system-out/>
  <testcase name="GetChefMenuForToday" time="1.176" classname="com.java.foodybiee.dish.Dish_All_Get_TestCases"/>
  <system-out/>
  <testcase name="GetChefPopularMenu" time="1.205" classname="com.java.foodybiee.dish.Dish_All_Get_TestCases"/>
  <system-out/>
  <testcase name="GetDishById" time="1.203" classname="com.java.foodybiee.dish.Dish_All_Get_TestCases"/>
  <system-out/>
  <testcase name="GetDishById1" time="1.289" classname="com.java.foodybiee.dish.Dish_All_Get_TestCases"/>
  <system-out/>
  <testcase name="GetListOfValues" time="1.202" classname="com.java.foodybiee.dish.Dish_All_Get_TestCases"/>
  <system-out/>
  <testcase name="GetFullDishById" time="1.195" classname="com.java.foodybiee.dish.Dish_All_Get_TestCases"/>
  <system-out/>
  <testcase name="GetDishCategories" time="1.182" classname="com.java.foodybiee.dish.Dish_All_Get_TestCases"/>
  <system-out/>
  <testcase name="GetMostOrderedAndTopRatedDish" time="1.205" classname="com.java.foodybiee.dish.Dish_All_Get_TestCases"/>
  <system-out/>
</testsuite> <!-- com.java.foodybiee.dish.Dish_All_Get_TestCases -->
