<?xml version="1.0" encoding="UTF-8"?>
<!-- Generated by org.testng.reporters.JUnitReportReporter -->
<testsuite skipped="0" hostname="LAPTOP-9R980C5P" name="com.java.foodibee.franchisee.GetMethods" tests="6" failures="0" timestamp="2021-02-18T11:49:11 IST" time="10.591" errors="0">
  <testcase name="GetFranchiseById" time="3.731" classname="com.java.foodibee.franchisee.GetMethods"/>
  <system-out/>
  <testcase name="GetPricingModel" time="2.050" classname="com.java.foodibee.franchisee.GetMethods"/>
  <system-out/>
  <testcase name="GetPricingModelById" time="1.202" classname="com.java.foodibee.franchisee.GetMethods"/>
  <system-out/>
  <testcase name="GetTopProspectFranchiseList" time="1.188" classname="com.java.foodibee.franchisee.GetMethods"/>
  <system-out/>
  <testcase name="GetKnowMore" time="1.184" classname="com.java.foodibee.franchisee.GetMethods"/>
  <system-out/>
  <testcase name="GetFranchiseByEmail" time="1.236" classname="com.java.foodibee.franchisee.GetMethods"/>
  <system-out/>
</testsuite> <!-- com.java.foodibee.franchisee.GetMethods -->
