<?xml version="1.0" encoding="UTF-8"?>
<!-- Generated by org.testng.reporters.JUnitReportReporter -->
<testsuite skipped="0" hostname="LAPTOP-9R980C5P" name="com.java.foodybiee.consumer.Consumer_All_Negative_TestCases" tests="27" failures="0" timestamp="2021-03-04T12:43:56 IST" time="34.113" errors="0">
  <testcase name="AddDeliveryAddressUnauthorized" time="1.192" classname="com.java.foodybiee.consumer.Consumer_All_Negative_TestCases"/>
  <system-out/>
  <testcase name="AddDeliveryAddressBadRequest" time="1.188" classname="com.java.foodybiee.consumer.Consumer_All_Negative_TestCases"/>
  <system-out/>
  <testcase name="GetAvailableAddressNotFound" time="1.221" classname="com.java.foodybiee.consumer.Consumer_All_Negative_TestCases"/>
  <system-out/>
  <testcase name="GetAvailableAddressBadRequest" time="1.233" classname="com.java.foodybiee.consumer.Consumer_All_Negative_TestCases"/>
  <system-out/>
  <testcase name="GetAvailableAddressUnauthorized" time="1.175" classname="com.java.foodybiee.consumer.Consumer_All_Negative_TestCases"/>
  <system-out/>
  <testcase name="UpdateAvailableAddressUnauthorized" time="1.211" classname="com.java.foodybiee.consumer.Consumer_All_Negative_TestCases"/>
  <system-out/>
  <testcase name="UpdateAvailableAddressNotFound" time="1.233" classname="com.java.foodybiee.consumer.Consumer_All_Negative_TestCases"/>
  <system-out/>
  <testcase name="UpdateAvailableAddressBadRequest" time="1.191" classname="com.java.foodybiee.consumer.Consumer_All_Negative_TestCases"/>
  <system-out/>
  <testcase name="DeleteDeliveryAddressUnauthorized" time="1.214" classname="com.java.foodybiee.consumer.Consumer_All_Negative_TestCases"/>
  <system-out/>
  <testcase name="DeleteDeliveryAddressNotFound" time="1.236" classname="com.java.foodybiee.consumer.Consumer_All_Negative_TestCases"/>
  <system-out/>
  <testcase name="OrderHistoryUnauthorized" time="1.455" classname="com.java.foodybiee.consumer.Consumer_All_Negative_TestCases"/>
  <system-out/>
  <testcase name="OrderHistoryBadRequest" time="2.375" classname="com.java.foodybiee.consumer.Consumer_All_Negative_TestCases"/>
  <system-out/>
  <testcase name="GetOrdersNotFound" time="1.205" classname="com.java.foodybiee.consumer.Consumer_All_Negative_TestCases"/>
  <system-out/>
  <testcase name="GetOrdersBadRequest" time="1.191" classname="com.java.foodybiee.consumer.Consumer_All_Negative_TestCases"/>
  <system-out/>
  <testcase name="GetOrdersUnauthorized" time="1.405" classname="com.java.foodybiee.consumer.Consumer_All_Negative_TestCases"/>
  <system-out/>
  <testcase name="GetOrderConfirmAndPayNotFound" time="1.226" classname="com.java.foodybiee.consumer.Consumer_All_Negative_TestCases"/>
  <system-out/>
  <testcase name="GetOrderConfirmAndPayBadRequest" time="1.182" classname="com.java.foodybiee.consumer.Consumer_All_Negative_TestCases"/>
  <system-out/>
  <testcase name="GetOrderConfirmAndPayUnauthorized" time="1.226" classname="com.java.foodybiee.consumer.Consumer_All_Negative_TestCases"/>
  <system-out/>
  <testcase name="GetOrderNoNotFound" time="1.183" classname="com.java.foodybiee.consumer.Consumer_All_Negative_TestCases"/>
  <system-out/>
  <testcase name="GetOrderNoBadRequest" time="1.183" classname="com.java.foodybiee.consumer.Consumer_All_Negative_TestCases"/>
  <system-out/>
  <testcase name="GetOrderNoUnauthorized" time="1.204" classname="com.java.foodybiee.consumer.Consumer_All_Negative_TestCases"/>
  <system-out/>
  <testcase name="GetDeliveryChargesNotFound" time="1.220" classname="com.java.foodybiee.consumer.Consumer_All_Negative_TestCases"/>
  <system-out/>
  <testcase name="GetDeliveryChargesBadRequest" time="1.240" classname="com.java.foodybiee.consumer.Consumer_All_Negative_TestCases"/>
  <system-out/>
  <testcase name="GetDeliveryChargesUnauthorized" time="1.181" classname="com.java.foodybiee.consumer.Consumer_All_Negative_TestCases"/>
  <system-out/>
  <testcase name="GetNotificationCountNotFound" time="1.186" classname="com.java.foodybiee.consumer.Consumer_All_Negative_TestCases"/>
  <system-out/>
  <testcase name="GetNotificationCountBadRequest" time="1.194" classname="com.java.foodybiee.consumer.Consumer_All_Negative_TestCases"/>
  <system-out/>
  <testcase name="GetNotificationCountUnauthorized" time="1.163" classname="com.java.foodybiee.consumer.Consumer_All_Negative_TestCases"/>
  <system-out/>
</testsuite> <!-- com.java.foodybiee.consumer.Consumer_All_Negative_TestCases -->
