<?xml version="1.0" encoding="UTF-8"?>
<!-- Generated by org.testng.reporters.JUnitReportReporter -->
<testsuite skipped="0" hostname="LAPTOP-9R980C5P" name="com.java.foodybiee.addtocart.AddToCart_All_TestCases" tests="6" failures="0" timestamp="2021-03-04T12:43:56 IST" time="7.261" errors="0">
  <testcase name="AddToCart" time="1.247" classname="com.java.foodybiee.addtocart.AddToCart_All_TestCases"/>
  <system-out/>
  <testcase name="GetAddedItemInCartList" time="1.241" classname="com.java.foodybiee.addtocart.AddToCart_All_TestCases"/>
  <system-out/>
  <testcase name="UpdateCart" time="1.188" classname="com.java.foodybiee.addtocart.AddToCart_All_TestCases"/>
  <system-out/>
  <testcase name="GetUpdatedCartList" time="1.191" classname="com.java.foodybiee.addtocart.AddToCart_All_TestCases"/>
  <system-out/>
  <testcase name="DeleteAllItemFromCart" time="1.200" classname="com.java.foodybiee.addtocart.AddToCart_All_TestCases"/>
  <system-out/>
  <testcase name="GetCartList" time="1.194" classname="com.java.foodybiee.addtocart.AddToCart_All_TestCases"/>
  <system-out/>
</testsuite> <!-- com.java.foodybiee.addtocart.AddToCart_All_TestCases -->
