<?xml version="1.0" encoding="UTF-8"?>
<!-- Generated by org.testng.reporters.JUnitReportReporter -->
<testsuite skipped="0" hostname="LAPTOP-9R980C5P" name="com.java.foodybiee.invoice.Invoice" tests="1" failures="0" timestamp="2021-03-04T12:43:56 IST" time="1.938" errors="0">
  <testcase name="GetInvoice" time="1.938" classname="com.java.foodybiee.invoice.Invoice"/>
  <system-out/>
</testsuite> <!-- com.java.foodybiee.invoice.Invoice -->
