<?xml version="1.0" encoding="UTF-8"?>
<!-- Generated by org.testng.reporters.JUnitReportReporter -->
<testsuite skipped="0" hostname="LAPTOP-9R980C5P" name="com.java.foodybiee.consumer.Consumer_All_TestCases" tests="12" failures="0" timestamp="2021-03-04T12:43:56 IST" time="18.401" errors="0">
  <testcase name="AddDeliveryAddress" time="4.217" classname="com.java.foodybiee.consumer.Consumer_All_TestCases"/>
  <system-out/>
  <testcase name="GetAvailableAddress" time="1.299" classname="com.java.foodybiee.consumer.Consumer_All_TestCases"/>
  <system-out/>
  <testcase name="UpdateAvailableAddress" time="1.257" classname="com.java.foodybiee.consumer.Consumer_All_TestCases"/>
  <system-out/>
  <testcase name="GetUpdateAvailableAddress" time="1.228" classname="com.java.foodybiee.consumer.Consumer_All_TestCases"/>
  <system-out/>
  <testcase name="DeleteDeliveryAddress" time="1.262" classname="com.java.foodybiee.consumer.Consumer_All_TestCases"/>
  <system-out/>
  <testcase name="GetDeletedAvailableAddress" time="1.243" classname="com.java.foodybiee.consumer.Consumer_All_TestCases"/>
  <system-out/>
  <testcase name="OrderHistory" time="1.281" classname="com.java.foodybiee.consumer.Consumer_All_TestCases"/>
  <system-out/>
  <testcase name="GetOrders" time="1.616" classname="com.java.foodybiee.consumer.Consumer_All_TestCases"/>
  <system-out/>
  <testcase name="GetOrderConfirmAndPay" time="1.225" classname="com.java.foodybiee.consumer.Consumer_All_TestCases"/>
  <system-out/>
  <testcase name="GetOrderNo" time="1.246" classname="com.java.foodybiee.consumer.Consumer_All_TestCases"/>
  <system-out/>
  <testcase name="GetDeliveryCharges" time="1.318" classname="com.java.foodybiee.consumer.Consumer_All_TestCases"/>
  <system-out/>
  <testcase name="GetNotificationCount" time="1.209" classname="com.java.foodybiee.consumer.Consumer_All_TestCases"/>
  <system-out/>
</testsuite> <!-- com.java.foodybiee.consumer.Consumer_All_TestCases -->
