<?xml version="1.0" encoding="UTF-8"?>
<!-- Generated by org.testng.reporters.JUnitReportReporter -->
<testsuite skipped="0" hostname="LAPTOP-9R980C5P" name="com.java.foodybiee.addtocart.PostMethods" tests="1" failures="0" timestamp="2021-02-11T12:42:30 IST" time="3.752" errors="0">
  <testcase name="AddToCart" time="3.752" classname="com.java.foodybiee.addtocart.PostMethods"/>
  <system-out/>
</testsuite> <!-- com.java.foodybiee.addtocart.PostMethods -->
