<?xml version="1.0" encoding="UTF-8"?>
<!-- Generated by org.testng.reporters.JUnitReportReporter -->
<testsuite skipped="0" hostname="LAPTOP-9R980C5P" name="com.java.foodybiee.addtocart.PutMethods" tests="1" failures="0" timestamp="2021-02-02T10:57:16 IST" time="3.532" errors="0">
  <testcase name="UpdateCart" time="3.532" classname="com.java.foodybiee.addtocart.PutMethods"/>
  <system-out/>
</testsuite> <!-- com.java.foodybiee.addtocart.PutMethods -->
