<?xml version="1.0" encoding="UTF-8"?>
<!-- Generated by org.testng.reporters.JUnitReportReporter -->
<testsuite skipped="0" hostname="LAPTOP-9R980C5P" name="com.java.foodybiee.leftmenu.LeftMenu_All_TestCases" tests="3" failures="0" timestamp="2021-03-04T12:43:56 IST" time="3.593" errors="0">
  <testcase name="GetLeftMenu" time="1.187" classname="com.java.foodybiee.leftmenu.LeftMenu_All_TestCases"/>
  <system-out/>
  <testcase name="GetChefSideMenu" time="1.212" classname="com.java.foodybiee.leftmenu.LeftMenu_All_TestCases"/>
  <system-out/>
  <testcase name="GetConsumer" time="1.194" classname="com.java.foodybiee.leftmenu.LeftMenu_All_TestCases"/>
  <system-out/>
</testsuite> <!-- com.java.foodybiee.leftmenu.LeftMenu_All_TestCases -->
