<?xml version="1.0" encoding="UTF-8"?>
<!-- Generated by org.testng.reporters.JUnitReportReporter -->
<testsuite skipped="0" hostname="LAPTOP-9R980C5P" name="com.java.foodybiee.assets.Assets_TestCase" tests="1" failures="0" timestamp="2021-03-04T12:43:56 IST" time="1.194" errors="0">
  <testcase name="GetAllUIAssets" time="1.194" classname="com.java.foodybiee.assets.Assets_TestCase"/>
  <system-out/>
</testsuite> <!-- com.java.foodybiee.assets.Assets_TestCase -->
