<?xml version="1.0" encoding="UTF-8"?>
<!-- Generated by org.testng.reporters.JUnitReportReporter -->
<testsuite skipped="0" hostname="LAPTOP-9R980C5P" name="com.java.foodybiee.consumer.UpdateMethods" tests="1" failures="0" timestamp="2021-01-29T17:33:14 IST" time="4.584" errors="0">
  <testcase name="GetAvailableAddress" time="4.584" classname="com.java.foodybiee.consumer.UpdateMethods"/>
  <system-out/>
</testsuite> <!-- com.java.foodybiee.consumer.UpdateMethods -->
