<?xml version="1.0" encoding="UTF-8"?>
<!-- Generated by org.testng.reporters.JUnitReportReporter -->
<testsuite skipped="0" hostname="LAPTOP-9R980C5P" name="com.java.foodybiee.dashboard.Dashboard_All_TestCase" tests="4" failures="0" timestamp="2021-03-04T12:43:56 IST" time="4.776" errors="0">
  <testcase name="GetDashboardList" time="1.211" classname="com.java.foodybiee.dashboard.Dashboard_All_TestCase"/>
  <system-out/>
  <testcase name="GetDashboarMobileSearch" time="1.186" classname="com.java.foodybiee.dashboard.Dashboard_All_TestCase"/>
  <system-out/>
  <testcase name="GetDashboarGlobalSearchChef" time="1.186" classname="com.java.foodybiee.dashboard.Dashboard_All_TestCase"/>
  <system-out/>
  <testcase name="GetDashboarSearchChefMobile" time="1.193" classname="com.java.foodybiee.dashboard.Dashboard_All_TestCase"/>
  <system-out/>
</testsuite> <!-- com.java.foodybiee.dashboard.Dashboard_All_TestCase -->
