<?xml version="1.0" encoding="UTF-8"?>
<!-- Generated by org.testng.reporters.JUnitReportReporter -->
<testsuite skipped="0" hostname="LAPTOP-9R980C5P" name="com.java.foodybiee.addtocart.AddToCart_Negative_TestCases" tests="8" failures="0" timestamp="2021-03-04T12:43:56 IST" time="9.495" errors="0">
  <testcase name="AddToCartUnauthorized" time="1.161" classname="com.java.foodybiee.addtocart.AddToCart_Negative_TestCases"/>
  <system-out/>
  <testcase name="AddToCartBadRequest" time="1.222" classname="com.java.foodybiee.addtocart.AddToCart_Negative_TestCases"/>
  <system-out/>
  <testcase name="GetAddedItemInCartListUnauthorizeds" time="1.172" classname="com.java.foodybiee.addtocart.AddToCart_Negative_TestCases"/>
  <system-out/>
  <testcase name="GetAddedItemInCartListBadRequest" time="1.207" classname="com.java.foodybiee.addtocart.AddToCart_Negative_TestCases"/>
  <system-out/>
  <testcase name="GetAddedItemInCartListNotFound" time="1.191" classname="com.java.foodybiee.addtocart.AddToCart_Negative_TestCases"/>
  <system-out/>
  <testcase name="UpdateCartUnauthorized" time="1.180" classname="com.java.foodybiee.addtocart.AddToCart_Negative_TestCases"/>
  <system-out/>
  <testcase name="UpdateCartBadRequest" time="1.189" classname="com.java.foodybiee.addtocart.AddToCart_Negative_TestCases"/>
  <system-out/>
  <testcase name="DeleteAllItemFromCartUnauthorized" time="1.173" classname="com.java.foodybiee.addtocart.AddToCart_Negative_TestCases"/>
  <system-out/>
</testsuite> <!-- com.java.foodybiee.addtocart.AddToCart_Negative_TestCases -->
