<?xml version="1.0" encoding="UTF-8"?>
<!-- Generated by org.testng.reporters.JUnitReportReporter -->
<testsuite skipped="0" hostname="LAPTOP-9R980C5P" name="com.java.foodybiee.consumer.PostMethods" tests="1" failures="0" timestamp="2021-01-30T12:26:09 IST" time="3.829" errors="0">
  <testcase name="AddDeliveryAddress" time="3.829" classname="com.java.foodybiee.consumer.PostMethods"/>
  <system-out/>
</testsuite> <!-- com.java.foodybiee.consumer.PostMethods -->
