<?xml version="1.0" encoding="UTF-8"?>
<!-- Generated by org.testng.reporters.JUnitReportReporter -->
<testsuite skipped="0" hostname="LAPTOP-9R980C5P" name="com.java.foodybiee.userinfo.UserInfo_Negative_TestCases" tests="19" failures="0" timestamp="2021-03-04T12:43:56 IST" time="22.814" errors="0">
  <testcase name="GetUserPrivilegeStatusUnauthorized" time="1.267" classname="com.java.foodybiee.userinfo.UserInfo_Negative_TestCases"/>
  <system-out/>
  <testcase name="GetUserPrivilegeStatusBadRequest" time="1.193" classname="com.java.foodybiee.userinfo.UserInfo_Negative_TestCases"/>
  <system-out/>
  <testcase name="GetUserPrivilegeStatusNotFound" time="1.173" classname="com.java.foodybiee.userinfo.UserInfo_Negative_TestCases"/>
  <system-out/>
  <testcase name="GetUserDetailsByEmailUnauthorized" time="1.202" classname="com.java.foodybiee.userinfo.UserInfo_Negative_TestCases"/>
  <system-out/>
  <testcase name="GetUserDetailsByEmailBadRequest" time="1.206" classname="com.java.foodybiee.userinfo.UserInfo_Negative_TestCases"/>
  <system-out/>
  <testcase name="GetUserDetailsByEmailNotFound" time="1.175" classname="com.java.foodybiee.userinfo.UserInfo_Negative_TestCases"/>
  <system-out/>
  <testcase name="GetUserDetailsByUserIdUnauthorized" time="1.157" classname="com.java.foodybiee.userinfo.UserInfo_Negative_TestCases"/>
  <system-out/>
  <testcase name="GetUserDetailsByUserIdBadRequest" time="1.200" classname="com.java.foodybiee.userinfo.UserInfo_Negative_TestCases"/>
  <system-out/>
  <testcase name="GetUserDetailsByUserIdNotFound" time="1.201" classname="com.java.foodybiee.userinfo.UserInfo_Negative_TestCases"/>
  <system-out/>
  <testcase name="GetAllUserInfoByGivingRoleIdUnauthorized" time="1.190" classname="com.java.foodybiee.userinfo.UserInfo_Negative_TestCases"/>
  <system-out/>
  <testcase name="GetAllUserInfoByGivingRoleIdBadRequest" time="1.180" classname="com.java.foodybiee.userinfo.UserInfo_Negative_TestCases"/>
  <system-out/>
  <testcase name="GetAllUserInfoByGivingRoleIdNotFound" time="1.202" classname="com.java.foodybiee.userinfo.UserInfo_Negative_TestCases"/>
  <system-out/>
  <testcase name="GetUserRoleInfoUnauthorized" time="1.185" classname="com.java.foodybiee.userinfo.UserInfo_Negative_TestCases"/>
  <system-out/>
  <testcase name="GetUserRoleInfoBadRequest" time="1.197" classname="com.java.foodybiee.userinfo.UserInfo_Negative_TestCases"/>
  <system-out/>
  <testcase name="GetUserRoleInfoNotFound" time="1.176" classname="com.java.foodybiee.userinfo.UserInfo_Negative_TestCases"/>
  <system-out/>
  <testcase name="GetAllUserInfoUnauthorized" time="1.188" classname="com.java.foodybiee.userinfo.UserInfo_Negative_TestCases"/>
  <system-out/>
  <testcase name="GetAllUserInfoBadRequest" time="1.306" classname="com.java.foodybiee.userinfo.UserInfo_Negative_TestCases"/>
  <system-out/>
  <testcase name="GetAllUserInfoNotFound" time="1.247" classname="com.java.foodybiee.userinfo.UserInfo_Negative_TestCases"/>
  <system-out/>
  <testcase name="AddUserInfoUnauthorized" time="1.169" classname="com.java.foodybiee.userinfo.UserInfo_Negative_TestCases"/>
  <system-out/>
</testsuite> <!-- com.java.foodybiee.userinfo.UserInfo_Negative_TestCases -->
