<?xml version="1.0" encoding="UTF-8"?>
<!-- Generated by org.testng.reporters.JUnitReportReporter -->
<testsuite skipped="0" hostname="LAPTOP-9R980C5P" name="com.java.foodybiee.setup.MongoTest" tests="1" failures="0" timestamp="2021-02-22T15:47:56 IST" time="4.251" errors="0">
  <testcase name="mongodb" time="4.251" classname="com.java.foodybiee.setup.MongoTest"/>
  <system-out/>
</testsuite> <!-- com.java.foodybiee.setup.MongoTest -->
