<?xml version="1.0" encoding="UTF-8"?>
<!-- Generated by org.testng.reporters.JUnitReportReporter -->
<testsuite skipped="0" hostname="LAPTOP-9R980C5P" name="com.java.foodybiee.dish.GetMethods" tests="9" failures="0" timestamp="2021-02-17T17:23:50 IST" time="13.181" errors="0">
  <testcase name="GetChefMenu" time="3.623" classname="com.java.foodybiee.dish.GetMethods"/>
  <system-out/>
  <testcase name="GetChefMenuForToday" time="1.208" classname="com.java.foodybiee.dish.GetMethods"/>
  <system-out/>
  <testcase name="GetChefPopularMenu" time="1.229" classname="com.java.foodybiee.dish.GetMethods"/>
  <system-out/>
  <testcase name="GetDishById" time="1.212" classname="com.java.foodybiee.dish.GetMethods"/>
  <system-out/>
  <testcase name="GetDishById1" time="1.262" classname="com.java.foodybiee.dish.GetMethods"/>
  <system-out/>
  <testcase name="GetListOfValues" time="1.179" classname="com.java.foodybiee.dish.GetMethods"/>
  <system-out/>
  <testcase name="GetFullDishById" time="1.142" classname="com.java.foodybiee.dish.GetMethods"/>
  <system-out/>
  <testcase name="GetDishCategories" time="1.150" classname="com.java.foodybiee.dish.GetMethods"/>
  <system-out/>
  <testcase name="GetMostOrderedAndTopRatedDish" time="1.176" classname="com.java.foodybiee.dish.GetMethods"/>
  <system-out/>
</testsuite> <!-- com.java.foodybiee.dish.GetMethods -->
