<?xml version="1.0" encoding="UTF-8"?>
<!-- Generated by org.testng.reporters.JUnitReportReporter -->
<testsuite skipped="0" hostname="LAPTOP-9R980C5P" name="com.java.foodybiee.franchisee.Franchisee_All_TestCases" tests="6" failures="0" timestamp="2021-03-04T12:43:56 IST" time="7.187" errors="0">
  <testcase name="GetFranchiseById" time="1.197" classname="com.java.foodybiee.franchisee.Franchisee_All_TestCases"/>
  <system-out/>
  <testcase name="GetPricingModel" time="1.261" classname="com.java.foodybiee.franchisee.Franchisee_All_TestCases"/>
  <system-out/>
  <testcase name="GetPricingModelById" time="1.179" classname="com.java.foodybiee.franchisee.Franchisee_All_TestCases"/>
  <system-out/>
  <testcase name="GetTopProspectFranchiseList" time="1.195" classname="com.java.foodybiee.franchisee.Franchisee_All_TestCases"/>
  <system-out/>
  <testcase name="GetKnowMore" time="1.167" classname="com.java.foodybiee.franchisee.Franchisee_All_TestCases"/>
  <system-out/>
  <testcase name="GetFranchiseByEmail" time="1.188" classname="com.java.foodybiee.franchisee.Franchisee_All_TestCases"/>
  <system-out/>
</testsuite> <!-- com.java.foodybiee.franchisee.Franchisee_All_TestCases -->
