<?xml version="1.0" encoding="UTF-8"?>
<!-- Generated by org.testng.reporters.JUnitReportReporter -->
<testsuite skipped="0" hostname="LAPTOP-9R980C5P" name="com.java.foodibee.franchisee.FranchiseMapping" tests="1" failures="0" timestamp="2021-02-18T13:18:54 IST" time="3.664" errors="0">
  <testcase name="GetFranchiseesMapped" time="3.664" classname="com.java.foodibee.franchisee.FranchiseMapping"/>
  <system-out/>
</testsuite> <!-- com.java.foodibee.franchisee.FranchiseMapping -->
