<?xml version="1.0" encoding="UTF-8"?>
<!-- Generated by org.testng.reporters.JUnitReportReporter -->
<testsuite skipped="0" hostname="LAPTOP-9R980C5P" name="com.java.foodybiee.franchisee.FranchiseDetails" tests="2" failures="0" timestamp="2021-03-04T12:43:56 IST" time="2.492" errors="0">
  <testcase name="GetFranchiseDetailsById" time="1.195" classname="com.java.foodybiee.franchisee.FranchiseDetails"/>
  <system-out/>
  <testcase name="GetAllFranchiseDetails" time="1.297" classname="com.java.foodybiee.franchisee.FranchiseDetails"/>
  <system-out/>
</testsuite> <!-- com.java.foodybiee.franchisee.FranchiseDetails -->
