<?xml version="1.0" encoding="UTF-8"?>
<!-- Generated by org.testng.reporters.JUnitReportReporter -->
<testsuite skipped="0" hostname="LAPTOP-9R980C5P" name="com.java.foodybiee.dashboard.Dashboard_All_Negative_TestCases" tests="4" failures="0" timestamp="2021-03-04T12:43:56 IST" time="4.763" errors="0">
  <testcase name="GetDashboardListUnauthorized" time="1.198" classname="com.java.foodybiee.dashboard.Dashboard_All_Negative_TestCases"/>
  <system-out/>
  <testcase name="GetDashboarMobileSearchUnauthorized" time="1.167" classname="com.java.foodybiee.dashboard.Dashboard_All_Negative_TestCases"/>
  <system-out/>
  <testcase name="GetDashboarGlobalSearchChefUnauthorized" time="1.193" classname="com.java.foodybiee.dashboard.Dashboard_All_Negative_TestCases"/>
  <system-out/>
  <testcase name="GetDashboarSearchChefMobileUnauthorized" time="1.205" classname="com.java.foodybiee.dashboard.Dashboard_All_Negative_TestCases"/>
  <system-out/>
</testsuite> <!-- com.java.foodybiee.dashboard.Dashboard_All_Negative_TestCases -->
