<?xml version="1.0" encoding="UTF-8"?>
<!-- Generated by org.testng.reporters.JUnitReportReporter -->
<testsuite skipped="0" hostname="LAPTOP-9R980C5P" name="com.java.foodybiee.chefprofilemobile.ChefProfileMobile" tests="5" failures="0" timestamp="2021-03-04T12:43:56 IST" time="8.781" errors="0">
  <testcase name="AddRatingsAndCommentForDish" time="1.247" classname="com.java.foodybiee.chefprofilemobile.ChefProfileMobile"/>
  <system-out/>
  <testcase name="GetChefProfileMobileList" time="1.215" classname="com.java.foodybiee.chefprofilemobile.ChefProfileMobile"/>
  <system-out/>
  <testcase name="GetDishRatingAverage" time="1.206" classname="com.java.foodybiee.chefprofilemobile.ChefProfileMobile"/>
  <system-out/>
  <testcase name="GetChefRatingsAndReviews" time="1.194" classname="com.java.foodybiee.chefprofilemobile.ChefProfileMobile"/>
  <system-out/>
  <testcase name="mongodb" time="3.919" classname="com.java.foodybiee.chefprofilemobile.ChefProfileMobile"/>
  <system-out/>
</testsuite> <!-- com.java.foodybiee.chefprofilemobile.ChefProfileMobile -->
