<?xml version="1.0" encoding="UTF-8"?>
<!-- Generated by org.testng.reporters.JUnitReportReporter -->
<testsuite skipped="0" hostname="LAPTOP-9R980C5P" name="com.java.foodybiee.country.Country_All_Testcases" tests="3" failures="0" timestamp="2021-03-04T12:43:56 IST" time="3.572" errors="0">
  <testcase name="GetCountry" time="1.184" classname="com.java.foodybiee.country.Country_All_Testcases"/>
  <system-out/>
  <testcase name="GetCityByState" time="1.205" classname="com.java.foodybiee.country.Country_All_Testcases"/>
  <system-out/>
  <testcase name="GetStates" time="1.183" classname="com.java.foodybiee.country.Country_All_Testcases"/>
  <system-out/>
</testsuite> <!-- com.java.foodybiee.country.Country_All_Testcases -->
