<?xml version="1.0" encoding="UTF-8"?>
<!-- Generated by org.testng.reporters.JUnitReportReporter -->
<testsuite skipped="0" hostname="LAPTOP-9R980C5P" name="com.java.foodybiee.chef.Chef_All_Get_TestCases" tests="7" failures="0" timestamp="2021-03-04T12:43:56 IST" time="8.368" errors="0">
  <testcase name="GetChefForLocation" time="1.208" classname="com.java.foodybiee.chef.Chef_All_Get_TestCases"/>
  <system-out/>
  <testcase name="GetChefDetailsById" time="1.183" classname="com.java.foodybiee.chef.Chef_All_Get_TestCases"/>
  <system-out/>
  <testcase name="GetChefStatus" time="1.182" classname="com.java.foodybiee.chef.Chef_All_Get_TestCases"/>
  <system-out/>
  <testcase name="GetChefByFranchise" time="1.202" classname="com.java.foodybiee.chef.Chef_All_Get_TestCases"/>
  <system-out/>
  <testcase name="GetChefByEmail" time="1.203" classname="com.java.foodybiee.chef.Chef_All_Get_TestCases"/>
  <system-out/>
  <testcase name="GetChefCountList" time="1.195" classname="com.java.foodybiee.chef.Chef_All_Get_TestCases"/>
  <system-out/>
  <testcase name="GetReviewByChefId" time="1.195" classname="com.java.foodybiee.chef.Chef_All_Get_TestCases"/>
  <system-out/>
</testsuite> <!-- com.java.foodybiee.chef.Chef_All_Get_TestCases -->
