<?xml version="1.0" encoding="UTF-8"?>
<!-- Generated by org.testng.reporters.JUnitReportReporter -->
<testsuite skipped="0" hostname="LAPTOP-9R980C5P" name="com.java.foodybiee.addtocart.GetMethods" tests="1" failures="0" timestamp="2021-02-02T10:56:59 IST" time="3.620" errors="0">
  <testcase name="GetCartList" time="3.620" classname="com.java.foodybiee.addtocart.GetMethods"/>
  <system-out/>
</testsuite> <!-- com.java.foodybiee.addtocart.GetMethods -->
