<?xml version="1.0" encoding="UTF-8"?>
<!-- Generated by org.testng.reporters.JUnitReportReporter -->
<testsuite skipped="0" hostname="LAPTOP-9R980C5P" name="com.java.foodybiee.userinfo.UserInfo_All_TestCases" tests="10" failures="0" timestamp="2021-03-04T12:43:56 IST" time="14.612" errors="0">
  <testcase name="AddUserInfo" time="1.384" classname="com.java.foodybiee.userinfo.UserInfo_All_TestCases"/>
  <system-out/>
  <testcase name="GetAddUserDetailsByUserId" time="1.201" classname="com.java.foodybiee.userinfo.UserInfo_All_TestCases"/>
  <system-out/>
  <testcase name="DeleteUserInfo" time="1.193" classname="com.java.foodybiee.userinfo.UserInfo_All_TestCases"/>
  <system-out/>
  <testcase name="GetUserPrivilegeStatus" time="1.179" classname="com.java.foodybiee.userinfo.UserInfo_All_TestCases"/>
  <system-out/>
  <testcase name="GetUserDetailsByEmail" time="1.230" classname="com.java.foodybiee.userinfo.UserInfo_All_TestCases"/>
  <system-out/>
  <testcase name="GetUserDetailsByUserId" time="1.189" classname="com.java.foodybiee.userinfo.UserInfo_All_TestCases"/>
  <system-out/>
  <testcase name="GetAllUserInfoByGivingRoleId" time="1.181" classname="com.java.foodybiee.userinfo.UserInfo_All_TestCases"/>
  <system-out/>
  <testcase name="GetUserRoleInfo" time="1.318" classname="com.java.foodybiee.userinfo.UserInfo_All_TestCases"/>
  <system-out/>
  <testcase name="GetAllUserInfo" time="1.303" classname="com.java.foodybiee.userinfo.UserInfo_All_TestCases"/>
  <system-out/>
  <testcase name="mongodb" time="3.434" classname="com.java.foodybiee.userinfo.UserInfo_All_TestCases"/>
  <system-out/>
</testsuite> <!-- com.java.foodybiee.userinfo.UserInfo_All_TestCases -->
