<?xml version="1.0" encoding="UTF-8"?>
<!-- Generated by org.testng.reporters.JUnitReportReporter -->
<testsuite skipped="0" hostname="LAPTOP-9R980C5P" name="com.java.foodibee.franchisee.FranchiseDetails" tests="2" failures="0" timestamp="2021-02-19T14:14:35 IST" time="4.935" errors="0">
  <testcase name="GetFranchiseDetailsById" time="3.683" classname="com.java.foodibee.franchisee.FranchiseDetails"/>
  <system-out/>
  <testcase name="GetAllFranchiseDetails" time="1.252" classname="com.java.foodibee.franchisee.FranchiseDetails"/>
  <system-out/>
</testsuite> <!-- com.java.foodibee.franchisee.FranchiseDetails -->
