<?xml version="1.0" encoding="UTF-8"?>
<!-- Generated by org.testng.reporters.JUnitReportReporter -->
<testsuite skipped="0" hostname="LAPTOP-9R980C5P" name="com.java.foodybiee.leftmenu.GetMethods" tests="3" failures="0" timestamp="2021-02-18T14:42:21 IST" time="6.098" errors="0">
  <testcase name="GetLeftMenu" time="3.636" classname="com.java.foodybiee.leftmenu.GetMethods"/>
  <system-out/>
  <testcase name="GetChefSideMenu" time="1.249" classname="com.java.foodybiee.leftmenu.GetMethods"/>
  <system-out/>
  <testcase name="GetConsumer" time="1.213" classname="com.java.foodybiee.leftmenu.GetMethods"/>
  <system-out/>
</testsuite> <!-- com.java.foodybiee.leftmenu.GetMethods -->
