<?xml version="1.0" encoding="UTF-8"?>
<!-- Generated by org.testng.reporters.JUnitReportReporter -->
<testsuite skipped="0" hostname="LAPTOP-9R980C5P" name="com.java.foodybiee.notifications.Notification_All_TestCases" tests="9" failures="0" timestamp="2021-03-04T12:43:56 IST" time="10.810" errors="0">
  <testcase name="AddNotification" time="1.213" classname="com.java.foodybiee.notifications.Notification_All_TestCases"/>
  <system-out/>
  <testcase name="GetNotificationById" time="1.186" classname="com.java.foodybiee.notifications.Notification_All_TestCases"/>
  <system-out/>
  <testcase name="UpdateNotification" time="1.206" classname="com.java.foodybiee.notifications.Notification_All_TestCases"/>
  <system-out/>
  <testcase name="GetUpdatedNotificationById1" time="1.165" classname="com.java.foodybiee.notifications.Notification_All_TestCases"/>
  <system-out/>
  <testcase name="DeleteNotificationById" time="1.213" classname="com.java.foodybiee.notifications.Notification_All_TestCases"/>
  <system-out/>
  <testcase name="GetDeletedNotificationById1" time="1.181" classname="com.java.foodybiee.notifications.Notification_All_TestCases"/>
  <system-out/>
  <testcase name="GetNotificationRole" time="1.184" classname="com.java.foodybiee.notifications.Notification_All_TestCases"/>
  <system-out/>
  <testcase name="GetNotificationByName" time="1.278" classname="com.java.foodybiee.notifications.Notification_All_TestCases"/>
  <system-out/>
  <testcase name="GetAllNotification" time="1.184" classname="com.java.foodybiee.notifications.Notification_All_TestCases"/>
  <system-out/>
</testsuite> <!-- com.java.foodybiee.notifications.Notification_All_TestCases -->
