<?xml version="1.0" encoding="UTF-8"?>
<!-- Generated by org.testng.reporters.JUnitReportReporter -->
<testsuite skipped="0" hostname="LAPTOP-9R980C5P" name="com.java.foodybiee.notifications.Notification_All_Negative_TestCases" tests="4" failures="0" timestamp="2021-03-04T12:43:56 IST" time="4.703" errors="0">
  <testcase name="AddNotificationUnauthorized" time="1.184" classname="com.java.foodybiee.notifications.Notification_All_Negative_TestCases"/>
  <system-out/>
  <testcase name="GetNotificationByIdUnauthorized" time="1.163" classname="com.java.foodybiee.notifications.Notification_All_Negative_TestCases"/>
  <system-out/>
  <testcase name="GetNotificationByIdNotFound" time="1.174" classname="com.java.foodybiee.notifications.Notification_All_Negative_TestCases"/>
  <system-out/>
  <testcase name="GetNotificationRoleUnauthorized" time="1.182" classname="com.java.foodybiee.notifications.Notification_All_Negative_TestCases"/>
  <system-out/>
</testsuite> <!-- com.java.foodybiee.notifications.Notification_All_Negative_TestCases -->
